{"/Users/akramrasikh/projects/film-poc/payments-service/dynamo-mock.js": {"path":"/Users/akramrasikh/projects/film-poc/payments-service/dynamo-mock.js","statementMap":{"0":{"start":{"line":1,"column":27},"end":{"line":1,"column":62}},"1":{"start":{"line":3,"column":15},"end":{"line":8,"column":1}},"2":{"start":{"line":10,"column":16},"end":{"line":10,"column":42}},"3":{"start":{"line":12,"column":0},"end":{"line":14,"column":1}}},"fnMap":{},"branchMap":{},"s":{"0":1,"1":1,"2":1,"3":1},"f":{},"b":{},"_coverageSchema":"1a1c01bbd47fc00a2c39e90264f33305004495a9","hash":"47945109fcac96dff622d3cb610a841f6339920f"}
}
